1569864871524	mozrunner::runner	INFO	Running command: "/usr/bin/firefox" "-marionette" "-foreground" "-no-remote" "-profile" "/tmp/rust_mozprofile.t51bSMG75571"
1569864872170	addons.webextension.screenshots@mozilla.org	WARN	Loading extension 'screenshots@mozilla.org': Reading manifest: Invalid extension permission: mozillaAddons
1569864872170	addons.webextension.screenshots@mozilla.org	WARN	Loading extension 'screenshots@mozilla.org': Reading manifest: Invalid extension permission: telemetry
1569864872170	addons.webextension.screenshots@mozilla.org	WARN	Loading extension 'screenshots@mozilla.org': Reading manifest: Invalid extension permission: resource://pdf.js/
1569864872170	addons.webextension.screenshots@mozilla.org	WARN	Loading extension 'screenshots@mozilla.org': Reading manifest: Invalid extension permission: about:reader*
1569864874950	Marionette	INFO	Listening on port 35103
1569864875052	Marionette	WARN	TLS certificate errors will be ignored for this session
JavaScript error: resource://gre/modules/XULStore.jsm, line 66: Error: Can't find profile directory.
1569864875464	Marionette	INFO	Stopped listening on port 35103
JavaScript error: resource://activity-stream/lib/ActivityStreamPrefs.jsm, line 27: NS_ERROR_ILLEGAL_VALUE: Component returned failure code: 0x80070057 (NS_ERROR_ILLEGAL_VALUE) [nsIPrefBranch.removeObserver]
1569864938699	mozrunner::runner	INFO	Running command: "/usr/bin/firefox" "-marionette" "-foreground" "-no-remote" "-profile" "/tmp/rust_mozprofile.SlhA4A91d1jg"
1569864939254	addons.webextension.screenshots@mozilla.org	WARN	Loading extension 'screenshots@mozilla.org': Reading manifest: Invalid extension permission: mozillaAddons
1569864939255	addons.webextension.screenshots@mozilla.org	WARN	Loading extension 'screenshots@mozilla.org': Reading manifest: Invalid extension permission: telemetry
1569864939255	addons.webextension.screenshots@mozilla.org	WARN	Loading extension 'screenshots@mozilla.org': Reading manifest: Invalid extension permission: resource://pdf.js/
1569864939255	addons.webextension.screenshots@mozilla.org	WARN	Loading extension 'screenshots@mozilla.org': Reading manifest: Invalid extension permission: about:reader*
1569864941789	Marionette	INFO	Listening on port 13923
1569864941811	Marionette	WARN	TLS certificate errors will be ignored for this session
1569864943788	Marionette	INFO	Stopped listening on port 13923
1569865004545	mozrunner::runner	INFO	Running command: "/usr/bin/firefox" "-marionette" "-foreground" "-no-remote" "-profile" "/tmp/rust_mozprofile.spyb5LpV0Jnv"
1569865005111	addons.webextension.screenshots@mozilla.org	WARN	Loading extension 'screenshots@mozilla.org': Reading manifest: Invalid extension permission: mozillaAddons
1569865005111	addons.webextension.screenshots@mozilla.org	WARN	Loading extension 'screenshots@mozilla.org': Reading manifest: Invalid extension permission: telemetry
1569865005111	addons.webextension.screenshots@mozilla.org	WARN	Loading extension 'screenshots@mozilla.org': Reading manifest: Invalid extension permission: resource://pdf.js/
1569865005111	addons.webextension.screenshots@mozilla.org	WARN	Loading extension 'screenshots@mozilla.org': Reading manifest: Invalid extension permission: about:reader*
1569865007516	Marionette	INFO	Listening on port 33101
1569865007562	Marionette	WARN	TLS certificate errors will be ignored for this session
1569865009614	Marionette	INFO	Stopped listening on port 33101
1569865196284	mozrunner::runner	INFO	Running command: "/usr/bin/firefox" "-marionette" "-foreground" "-no-remote" "-profile" "/tmp/rust_mozprofile.InoTKCt034a1"
1569865196841	addons.webextension.screenshots@mozilla.org	WARN	Loading extension 'screenshots@mozilla.org': Reading manifest: Invalid extension permission: mozillaAddons
1569865196841	addons.webextension.screenshots@mozilla.org	WARN	Loading extension 'screenshots@mozilla.org': Reading manifest: Invalid extension permission: telemetry
1569865196841	addons.webextension.screenshots@mozilla.org	WARN	Loading extension 'screenshots@mozilla.org': Reading manifest: Invalid extension permission: resource://pdf.js/
1569865196841	addons.webextension.screenshots@mozilla.org	WARN	Loading extension 'screenshots@mozilla.org': Reading manifest: Invalid extension permission: about:reader*
1569865199416	Marionette	INFO	Listening on port 31887
1569865199507	Marionette	WARN	TLS certificate errors will be ignored for this session
[Parent 16974, Gecko_IOThread] WARNING: pipe error (72): Connection reset by peer: file /build/firefox-CHssOs/firefox-69.0+build2/ipc/chromium/src/chrome/common/ipc_channel_posix.cc, line 358
1569865247121	Marionette	INFO	Stopped listening on port 31887
1569865271690	mozrunner::runner	INFO	Running command: "/usr/bin/firefox" "-marionette" "-foreground" "-no-remote" "-profile" "/tmp/rust_mozprofile.vSamr6LTV8Qe"
1569865272246	addons.webextension.screenshots@mozilla.org	WARN	Loading extension 'screenshots@mozilla.org': Reading manifest: Invalid extension permission: mozillaAddons
1569865272246	addons.webextension.screenshots@mozilla.org	WARN	Loading extension 'screenshots@mozilla.org': Reading manifest: Invalid extension permission: telemetry
1569865272246	addons.webextension.screenshots@mozilla.org	WARN	Loading extension 'screenshots@mozilla.org': Reading manifest: Invalid extension permission: resource://pdf.js/
1569865272246	addons.webextension.screenshots@mozilla.org	WARN	Loading extension 'screenshots@mozilla.org': Reading manifest: Invalid extension permission: about:reader*
1569865274601	Marionette	INFO	Listening on port 21549
1569865274709	Marionette	WARN	TLS certificate errors will be ignored for this session
1569865276916	Marionette	INFO	Stopped listening on port 21549
1569865309414	mozrunner::runner	INFO	Running command: "/usr/bin/firefox" "-marionette" "-foreground" "-no-remote" "-profile" "/tmp/rust_mozprofile.6mL3WmmOFqfS"
1569865309985	addons.webextension.screenshots@mozilla.org	WARN	Loading extension 'screenshots@mozilla.org': Reading manifest: Invalid extension permission: mozillaAddons
1569865309985	addons.webextension.screenshots@mozilla.org	WARN	Loading extension 'screenshots@mozilla.org': Reading manifest: Invalid extension permission: telemetry
1569865309985	addons.webextension.screenshots@mozilla.org	WARN	Loading extension 'screenshots@mozilla.org': Reading manifest: Invalid extension permission: resource://pdf.js/
1569865309985	addons.webextension.screenshots@mozilla.org	WARN	Loading extension 'screenshots@mozilla.org': Reading manifest: Invalid extension permission: about:reader*
1569865312617	Marionette	INFO	Listening on port 19129
1569865312646	Marionette	WARN	TLS certificate errors will be ignored for this session
1569865314338	Marionette	INFO	Stopped listening on port 19129
1569865485456	mozrunner::runner	INFO	Running command: "/usr/bin/firefox" "-marionette" "-foreground" "-no-remote" "-profile" "/tmp/rust_mozprofile.kCuOyf61CdgJ"
1569865486023	addons.webextension.screenshots@mozilla.org	WARN	Loading extension 'screenshots@mozilla.org': Reading manifest: Invalid extension permission: mozillaAddons
1569865486023	addons.webextension.screenshots@mozilla.org	WARN	Loading extension 'screenshots@mozilla.org': Reading manifest: Invalid extension permission: telemetry
1569865486023	addons.webextension.screenshots@mozilla.org	WARN	Loading extension 'screenshots@mozilla.org': Reading manifest: Invalid extension permission: resource://pdf.js/
1569865486023	addons.webextension.screenshots@mozilla.org	WARN	Loading extension 'screenshots@mozilla.org': Reading manifest: Invalid extension permission: about:reader*
1569865488621	Marionette	INFO	Listening on port 14023
1569865488672	Marionette	WARN	TLS certificate errors will be ignored for this session
1569865490335	Marionette	INFO	Stopped listening on port 14023
1569865679185	mozrunner::runner	INFO	Running command: "/usr/bin/firefox" "-marionette" "-foreground" "-no-remote" "-profile" "/tmp/rust_mozprofile.BoJbPeJwr69n"
1569865679760	addons.webextension.screenshots@mozilla.org	WARN	Loading extension 'screenshots@mozilla.org': Reading manifest: Invalid extension permission: mozillaAddons
1569865679761	addons.webextension.screenshots@mozilla.org	WARN	Loading extension 'screenshots@mozilla.org': Reading manifest: Invalid extension permission: telemetry
1569865679761	addons.webextension.screenshots@mozilla.org	WARN	Loading extension 'screenshots@mozilla.org': Reading manifest: Invalid extension permission: resource://pdf.js/
1569865679761	addons.webextension.screenshots@mozilla.org	WARN	Loading extension 'screenshots@mozilla.org': Reading manifest: Invalid extension permission: about:reader*
1569865682270	Marionette	INFO	Listening on port 34049
1569865682317	Marionette	WARN	TLS certificate errors will be ignored for this session
1569865684372	Marionette	INFO	Stopped listening on port 34049
1569866090807	mozrunner::runner	INFO	Running command: "/usr/bin/firefox" "-marionette" "-foreground" "-no-remote" "-profile" "/tmp/rust_mozprofile.TLqezVLOLwb6"
1569866091366	addons.webextension.screenshots@mozilla.org	WARN	Loading extension 'screenshots@mozilla.org': Reading manifest: Invalid extension permission: mozillaAddons
1569866091366	addons.webextension.screenshots@mozilla.org	WARN	Loading extension 'screenshots@mozilla.org': Reading manifest: Invalid extension permission: telemetry
1569866091366	addons.webextension.screenshots@mozilla.org	WARN	Loading extension 'screenshots@mozilla.org': Reading manifest: Invalid extension permission: resource://pdf.js/
1569866091366	addons.webextension.screenshots@mozilla.org	WARN	Loading extension 'screenshots@mozilla.org': Reading manifest: Invalid extension permission: about:reader*
1569866093802	Marionette	INFO	Listening on port 36787
1569866093818	Marionette	WARN	TLS certificate errors will be ignored for this session
1569866095253	Marionette	INFO	Stopped listening on port 36787
1569866155656	mozrunner::runner	INFO	Running command: "/usr/bin/firefox" "-marionette" "-foreground" "-no-remote" "-profile" "/tmp/rust_mozprofile.pV5aFJ7K5IhB"
1569866156217	addons.webextension.screenshots@mozilla.org	WARN	Loading extension 'screenshots@mozilla.org': Reading manifest: Invalid extension permission: mozillaAddons
1569866156217	addons.webextension.screenshots@mozilla.org	WARN	Loading extension 'screenshots@mozilla.org': Reading manifest: Invalid extension permission: telemetry
1569866156217	addons.webextension.screenshots@mozilla.org	WARN	Loading extension 'screenshots@mozilla.org': Reading manifest: Invalid extension permission: resource://pdf.js/
1569866156217	addons.webextension.screenshots@mozilla.org	WARN	Loading extension 'screenshots@mozilla.org': Reading manifest: Invalid extension permission: about:reader*
1569866158764	Marionette	INFO	Listening on port 19479
1569866158866	Marionette	WARN	TLS certificate errors will be ignored for this session
1569866160509	Marionette	INFO	Stopped listening on port 19479
1569866725958	mozrunner::runner	INFO	Running command: "/usr/bin/firefox" "-marionette" "-foreground" "-no-remote" "-profile" "/tmp/rust_mozprofile.WFbEozY099uX"
1569866726523	addons.webextension.screenshots@mozilla.org	WARN	Loading extension 'screenshots@mozilla.org': Reading manifest: Invalid extension permission: mozillaAddons
1569866726523	addons.webextension.screenshots@mozilla.org	WARN	Loading extension 'screenshots@mozilla.org': Reading manifest: Invalid extension permission: telemetry
1569866726523	addons.webextension.screenshots@mozilla.org	WARN	Loading extension 'screenshots@mozilla.org': Reading manifest: Invalid extension permission: resource://pdf.js/
1569866726523	addons.webextension.screenshots@mozilla.org	WARN	Loading extension 'screenshots@mozilla.org': Reading manifest: Invalid extension permission: about:reader*
1569866729023	Marionette	INFO	Listening on port 36553
1569866729076	Marionette	WARN	TLS certificate errors will be ignored for this session
1569866731619	Marionette	INFO	Stopped listening on port 36553
1569866736480	mozrunner::runner	INFO	Running command: "/usr/bin/firefox" "-marionette" "-foreground" "-no-remote" "-profile" "/tmp/rust_mozprofile.9Pbjd6X1Gega"
1569866737045	addons.webextension.screenshots@mozilla.org	WARN	Loading extension 'screenshots@mozilla.org': Reading manifest: Invalid extension permission: mozillaAddons
1569866737045	addons.webextension.screenshots@mozilla.org	WARN	Loading extension 'screenshots@mozilla.org': Reading manifest: Invalid extension permission: telemetry
1569866737046	addons.webextension.screenshots@mozilla.org	WARN	Loading extension 'screenshots@mozilla.org': Reading manifest: Invalid extension permission: resource://pdf.js/
1569866737046	addons.webextension.screenshots@mozilla.org	WARN	Loading extension 'screenshots@mozilla.org': Reading manifest: Invalid extension permission: about:reader*
1569866739604	Marionette	INFO	Listening on port 24633
1569866739691	Marionette	WARN	TLS certificate errors will be ignored for this session
1569866741755	Marionette	INFO	Stopped listening on port 24633
1569866775074	mozrunner::runner	INFO	Running command: "/usr/bin/firefox" "-marionette" "-foreground" "-no-remote" "-profile" "/tmp/rust_mozprofile.KM1o2kh776di"
1569866775639	addons.webextension.screenshots@mozilla.org	WARN	Loading extension 'screenshots@mozilla.org': Reading manifest: Invalid extension permission: mozillaAddons
1569866775639	addons.webextension.screenshots@mozilla.org	WARN	Loading extension 'screenshots@mozilla.org': Reading manifest: Invalid extension permission: telemetry
1569866775639	addons.webextension.screenshots@mozilla.org	WARN	Loading extension 'screenshots@mozilla.org': Reading manifest: Invalid extension permission: resource://pdf.js/
1569866775639	addons.webextension.screenshots@mozilla.org	WARN	Loading extension 'screenshots@mozilla.org': Reading manifest: Invalid extension permission: about:reader*
1569866778096	Marionette	INFO	Listening on port 28457
1569866778182	Marionette	WARN	TLS certificate errors will be ignored for this session
1569866781149	Marionette	INFO	Stopped listening on port 28457
1569866787095	mozrunner::runner	INFO	Running command: "/usr/bin/firefox" "-marionette" "-foreground" "-no-remote" "-profile" "/tmp/rust_mozprofile.uKAus9ohf5ZR"
1569866787700	addons.webextension.screenshots@mozilla.org	WARN	Loading extension 'screenshots@mozilla.org': Reading manifest: Invalid extension permission: mozillaAddons
1569866787701	addons.webextension.screenshots@mozilla.org	WARN	Loading extension 'screenshots@mozilla.org': Reading manifest: Invalid extension permission: telemetry
1569866787701	addons.webextension.screenshots@mozilla.org	WARN	Loading extension 'screenshots@mozilla.org': Reading manifest: Invalid extension permission: resource://pdf.js/
1569866787701	addons.webextension.screenshots@mozilla.org	WARN	Loading extension 'screenshots@mozilla.org': Reading manifest: Invalid extension permission: about:reader*
1569866790355	Marionette	INFO	Listening on port 33269
1569866790405	Marionette	WARN	TLS certificate errors will be ignored for this session
1569866792190	Marionette	INFO	Stopped listening on port 33269
1569866853724	mozrunner::runner	INFO	Running command: "/usr/bin/firefox" "-marionette" "-foreground" "-no-remote" "-profile" "/tmp/rust_mozprofile.Zm6nxP2hlKAy"
1569866854288	addons.webextension.screenshots@mozilla.org	WARN	Loading extension 'screenshots@mozilla.org': Reading manifest: Invalid extension permission: mozillaAddons
1569866854288	addons.webextension.screenshots@mozilla.org	WARN	Loading extension 'screenshots@mozilla.org': Reading manifest: Invalid extension permission: telemetry
1569866854288	addons.webextension.screenshots@mozilla.org	WARN	Loading extension 'screenshots@mozilla.org': Reading manifest: Invalid extension permission: resource://pdf.js/
1569866854288	addons.webextension.screenshots@mozilla.org	WARN	Loading extension 'screenshots@mozilla.org': Reading manifest: Invalid extension permission: about:reader*
1569866856744	Marionette	INFO	Listening on port 18033
1569866856832	Marionette	WARN	TLS certificate errors will be ignored for this session
1569866859395	Marionette	INFO	Stopped listening on port 18033
1569866864237	mozrunner::runner	INFO	Running command: "/usr/bin/firefox" "-marionette" "-foreground" "-no-remote" "-profile" "/tmp/rust_mozprofile.ZxHdLxoKz7Ca"
1569866864818	addons.webextension.screenshots@mozilla.org	WARN	Loading extension 'screenshots@mozilla.org': Reading manifest: Invalid extension permission: mozillaAddons
1569866864819	addons.webextension.screenshots@mozilla.org	WARN	Loading extension 'screenshots@mozilla.org': Reading manifest: Invalid extension permission: telemetry
1569866864819	addons.webextension.screenshots@mozilla.org	WARN	Loading extension 'screenshots@mozilla.org': Reading manifest: Invalid extension permission: resource://pdf.js/
1569866864819	addons.webextension.screenshots@mozilla.org	WARN	Loading extension 'screenshots@mozilla.org': Reading manifest: Invalid extension permission: about:reader*
1569866867461	Marionette	INFO	Listening on port 18013
1569866867546	Marionette	WARN	TLS certificate errors will be ignored for this session
1569866869651	Marionette	INFO	Stopped listening on port 18013
1569907413459	mozrunner::runner	INFO	Running command: "/usr/bin/firefox" "-marionette" "-foreground" "-no-remote" "-profile" "/tmp/rust_mozprofile.7DIh1N8qrf5q"
1569907414312	addons.webextension.screenshots@mozilla.org	WARN	Loading extension 'screenshots@mozilla.org': Reading manifest: Invalid extension permission: mozillaAddons
1569907414312	addons.webextension.screenshots@mozilla.org	WARN	Loading extension 'screenshots@mozilla.org': Reading manifest: Invalid extension permission: telemetry
1569907414312	addons.webextension.screenshots@mozilla.org	WARN	Loading extension 'screenshots@mozilla.org': Reading manifest: Invalid extension permission: resource://pdf.js/
1569907414312	addons.webextension.screenshots@mozilla.org	WARN	Loading extension 'screenshots@mozilla.org': Reading manifest: Invalid extension permission: about:reader*
1569907417558	Marionette	INFO	Listening on port 21977
1569907417594	Marionette	WARN	TLS certificate errors will be ignored for this session
1569907419207	Marionette	INFO	Stopped listening on port 21977
1569907423462	mozrunner::runner	INFO	Running command: "/usr/bin/firefox" "-marionette" "-foreground" "-no-remote" "-profile" "/tmp/rust_mozprofile.MEMzU9U4cCf9"
1569907424025	addons.webextension.screenshots@mozilla.org	WARN	Loading extension 'screenshots@mozilla.org': Reading manifest: Invalid extension permission: mozillaAddons
1569907424025	addons.webextension.screenshots@mozilla.org	WARN	Loading extension 'screenshots@mozilla.org': Reading manifest: Invalid extension permission: telemetry
1569907424025	addons.webextension.screenshots@mozilla.org	WARN	Loading extension 'screenshots@mozilla.org': Reading manifest: Invalid extension permission: resource://pdf.js/
1569907424025	addons.webextension.screenshots@mozilla.org	WARN	Loading extension 'screenshots@mozilla.org': Reading manifest: Invalid extension permission: about:reader*
1569907426423	Marionette	INFO	Listening on port 19295
1569907426470	Marionette	WARN	TLS certificate errors will be ignored for this session
1569907427618	Marionette	INFO	Stopped listening on port 19295
1569912262811	mozrunner::runner	INFO	Running command: "/usr/bin/firefox" "-marionette" "-foreground" "-no-remote" "-profile" "/tmp/rust_mozprofile.2zlv7lIvht2g"
1569912263621	addons.webextension.screenshots@mozilla.org	WARN	Loading extension 'screenshots@mozilla.org': Reading manifest: Invalid extension permission: mozillaAddons
1569912263622	addons.webextension.screenshots@mozilla.org	WARN	Loading extension 'screenshots@mozilla.org': Reading manifest: Invalid extension permission: telemetry
1569912263622	addons.webextension.screenshots@mozilla.org	WARN	Loading extension 'screenshots@mozilla.org': Reading manifest: Invalid extension permission: resource://pdf.js/
1569912263622	addons.webextension.screenshots@mozilla.org	WARN	Loading extension 'screenshots@mozilla.org': Reading manifest: Invalid extension permission: about:reader*
1569912266647	Marionette	INFO	Listening on port 9195
1569912266726	Marionette	WARN	TLS certificate errors will be ignored for this session
1569912267733	Marionette	INFO	Stopped listening on port 9195
[Parent 7546, Gecko_IOThread] WARNING: pipe error: Broken pipe: file /build/firefox-CHssOs/firefox-69.0+build2/ipc/chromium/src/chrome/common/ipc_channel_posix.cc, line 728
JavaScript error: resource://gre/modules/Sqlite.jsm, line 912: Error: Connection is not open.
console.error: (new Error("Transaction canceled due to a closed connection.", "resource://gre/modules/Sqlite.jsm", 613))
1569912270820	mozrunner::runner	INFO	Running command: "/usr/bin/firefox" "-marionette" "-foreground" "-no-remote" "-profile" "/tmp/rust_mozprofile.0TLzr0zolLS5"
1569912271413	addons.webextension.screenshots@mozilla.org	WARN	Loading extension 'screenshots@mozilla.org': Reading manifest: Invalid extension permission: mozillaAddons
1569912271413	addons.webextension.screenshots@mozilla.org	WARN	Loading extension 'screenshots@mozilla.org': Reading manifest: Invalid extension permission: telemetry
1569912271413	addons.webextension.screenshots@mozilla.org	WARN	Loading extension 'screenshots@mozilla.org': Reading manifest: Invalid extension permission: resource://pdf.js/
1569912271413	addons.webextension.screenshots@mozilla.org	WARN	Loading extension 'screenshots@mozilla.org': Reading manifest: Invalid extension permission: about:reader*
1569912274397	Marionette	INFO	Listening on port 9805
1569912274445	Marionette	WARN	TLS certificate errors will be ignored for this session
1569912274977	Marionette	INFO	Stopped listening on port 9805
[Parent 7816, Gecko_IOThread] WARNING: pipe error (73): Connection reset by peer: file /build/firefox-CHssOs/firefox-69.0+build2/ipc/chromium/src/chrome/common/ipc_channel_posix.cc, line 358
[Parent 7816, Gecko_IOThread] WARNING: pipe error (71): Connection reset by peer: file /build/firefox-CHssOs/firefox-69.0+build2/ipc/chromium/src/chrome/common/ipc_channel_posix.cc, line 358
console.error: (new Error("Transaction canceled due to a closed connection.", "resource://gre/modules/Sqlite.jsm", 613))
1570783495210	mozrunner::runner	INFO	Running command: "/usr/bin/firefox" "-marionette" "-foreground" "-no-remote" "-profile" "/tmp/rust_mozprofile.Q4km2LgUKkvp"
1570783495889	addons.webextension.screenshots@mozilla.org	WARN	Loading extension 'screenshots@mozilla.org': Reading manifest: Invalid extension permission: mozillaAddons
1570783495889	addons.webextension.screenshots@mozilla.org	WARN	Loading extension 'screenshots@mozilla.org': Reading manifest: Invalid extension permission: telemetry
1570783495889	addons.webextension.screenshots@mozilla.org	WARN	Loading extension 'screenshots@mozilla.org': Reading manifest: Invalid extension permission: resource://pdf.js/
1570783495889	addons.webextension.screenshots@mozilla.org	WARN	Loading extension 'screenshots@mozilla.org': Reading manifest: Invalid extension permission: about:reader*
1570783498614	Marionette	INFO	Listening on port 22565
1570783498640	Marionette	WARN	TLS certificate errors will be ignored for this session
1570783499619	Marionette	INFO	Stopped listening on port 22565
[Parent 9506, Gecko_IOThread] WARNING: pipe error (107): Connection reset by peer: file /build/firefox-CHssOs/firefox-69.0+build2/ipc/chromium/src/chrome/common/ipc_channel_posix.cc, line 358
JavaScript error: resource://gre/modules/Sqlite.jsm, line 912: Error: Connection is not open.
console.error: (new Error("Transaction canceled due to a closed connection.", "resource://gre/modules/Sqlite.jsm", 613))

###!!! [Parent][DispatchAsyncMessage] Error: PBackgroundIDBFactory::Msg_PBackgroundIDBFactoryRequestConstructor Value error: message was deserialized, but contained an illegal value

1570783532254	mozrunner::runner	INFO	Running command: "/usr/bin/firefox" "-marionette" "-foreground" "-no-remote" "-profile" "/tmp/rust_mozprofile.RfyR7TqBPFia"
1570783532812	addons.webextension.screenshots@mozilla.org	WARN	Loading extension 'screenshots@mozilla.org': Reading manifest: Invalid extension permission: mozillaAddons
1570783532812	addons.webextension.screenshots@mozilla.org	WARN	Loading extension 'screenshots@mozilla.org': Reading manifest: Invalid extension permission: telemetry
1570783532813	addons.webextension.screenshots@mozilla.org	WARN	Loading extension 'screenshots@mozilla.org': Reading manifest: Invalid extension permission: resource://pdf.js/
1570783532813	addons.webextension.screenshots@mozilla.org	WARN	Loading extension 'screenshots@mozilla.org': Reading manifest: Invalid extension permission: about:reader*
1570783535417	Marionette	INFO	Listening on port 16831
1570783535468	Marionette	WARN	TLS certificate errors will be ignored for this session
1570783536029	Marionette	INFO	Stopped listening on port 16831
JavaScript error: resource://activity-stream/lib/ActivityStreamPrefs.jsm, line 27: NS_ERROR_ILLEGAL_VALUE: Component returned failure code: 0x80070057 (NS_ERROR_ILLEGAL_VALUE) [nsIPrefBranch.removeObserver]
[Parent 9781, Gecko_IOThread] WARNING: pipe error (75): Connection reset by peer: file /build/firefox-CHssOs/firefox-69.0+build2/ipc/chromium/src/chrome/common/ipc_channel_posix.cc, line 358
JavaScript error: resource://gre/modules/ExtensionSettingsStore.jsm, line 117: Error: The ExtensionSettingsStore was accessed before the initialize promise resolved.
JavaScript error: resource://gre/modules/Sqlite.jsm, line 912: Error: Connection is not open.
console.error: (new Error("Transaction canceled due to a closed connection.", "resource://gre/modules/Sqlite.jsm", 613))

###!!! [Parent][DispatchAsyncMessage] Error: PBackgroundIDBFactory::Msg_PBackgroundIDBFactoryRequestConstructor Value error: message was deserialized, but contained an illegal value

1570786215712	mozrunner::runner	INFO	Running command: "/usr/bin/firefox" "-marionette" "-foreground" "-no-remote" "-profile" "/tmp/rust_mozprofile.M92MPpBpiaQc"
1570786216386	addons.webextension.screenshots@mozilla.org	WARN	Loading extension 'screenshots@mozilla.org': Reading manifest: Invalid extension permission: mozillaAddons
1570786216386	addons.webextension.screenshots@mozilla.org	WARN	Loading extension 'screenshots@mozilla.org': Reading manifest: Invalid extension permission: telemetry
1570786216387	addons.webextension.screenshots@mozilla.org	WARN	Loading extension 'screenshots@mozilla.org': Reading manifest: Invalid extension permission: resource://pdf.js/
1570786216387	addons.webextension.screenshots@mozilla.org	WARN	Loading extension 'screenshots@mozilla.org': Reading manifest: Invalid extension permission: about:reader*
1570786219227	Marionette	INFO	Listening on port 17367
1570786219246	Marionette	WARN	TLS certificate errors will be ignored for this session
1570786219854	Marionette	INFO	Stopped listening on port 17367
[Parent 9585, Gecko_IOThread] WARNING: pipe error (72): Connection reset by peer: file /build/firefox-CHssOs/firefox-69.0+build2/ipc/chromium/src/chrome/common/ipc_channel_posix.cc, line 358
[Parent 9585, Gecko_IOThread] WARNING: pipe error (74): Connection reset by peer: file /build/firefox-CHssOs/firefox-69.0+build2/ipc/chromium/src/chrome/common/ipc_channel_posix.cc, line 358
JavaScript error: resource://gre/modules/Sqlite.jsm, line 912: Error: Connection is not open.
console.error: (new Error("Transaction canceled due to a closed connection.", "resource://gre/modules/Sqlite.jsm", 613))
1570786222725	mozrunner::runner	INFO	Running command: "/usr/bin/firefox" "-marionette" "-foreground" "-no-remote" "-profile" "/tmp/rust_mozprofile.wifWDAeMgpKK"
1570786223309	addons.webextension.screenshots@mozilla.org	WARN	Loading extension 'screenshots@mozilla.org': Reading manifest: Invalid extension permission: mozillaAddons
1570786223309	addons.webextension.screenshots@mozilla.org	WARN	Loading extension 'screenshots@mozilla.org': Reading manifest: Invalid extension permission: telemetry
1570786223309	addons.webextension.screenshots@mozilla.org	WARN	Loading extension 'screenshots@mozilla.org': Reading manifest: Invalid extension permission: resource://pdf.js/
1570786223309	addons.webextension.screenshots@mozilla.org	WARN	Loading extension 'screenshots@mozilla.org': Reading manifest: Invalid extension permission: about:reader*
1570786225799	Marionette	INFO	Listening on port 18479
1570786225840	Marionette	WARN	TLS certificate errors will be ignored for this session
1570786226397	Marionette	INFO	Stopped listening on port 18479
JavaScript error: resource://activity-stream/lib/ActivityStreamPrefs.jsm, line 27: NS_ERROR_ILLEGAL_VALUE: Component returned failure code: 0x80070057 (NS_ERROR_ILLEGAL_VALUE) [nsIPrefBranch.removeObserver]
[Parent 9847, Gecko_IOThread] WARNING: pipe error (96): Connection reset by peer: file /build/firefox-CHssOs/firefox-69.0+build2/ipc/chromium/src/chrome/common/ipc_channel_posix.cc, line 358
JavaScript error: resource://gre/modules/ExtensionSettingsStore.jsm, line 117: Error: The ExtensionSettingsStore was accessed before the initialize promise resolved.
JavaScript error: resource://gre/modules/Sqlite.jsm, line 912: Error: Connection is not open.
console.error: (new Error("Transaction canceled due to a closed connection.", "resource://gre/modules/Sqlite.jsm", 613))
console.log: "RemoteSettingsWorker error: UnknownError: The operation failed for reasons unrelated to the database itself and not covered by any other error code."

###!!! [Parent][DispatchAsyncMessage] Error: PBackgroundIDBFactory::Msg_PBackgroundIDBFactoryRequestConstructor Value error: message was deserialized, but contained an illegal value

JavaScript error: resource://services-common/kinto-offline-client.js, line 579: Error: IndexedDB list() The operation failed for reasons unrelated to the database itself and not covered by any other error code.
